<?xml version="1.0" encoding="UTF-8"?>
<testsuite name="ClientCacheTest" tests="2" skipped="2" failures="0" errors="0" timestamp="2018-06-27T01:37:46" hostname="Gilberts-MacBook-Pro.local" time="0.001">
  <properties/>
  <testcase name="testQueryService" classname="ClientCacheTest" time="0.0">
    <skipped/>
  </testcase>
  <testcase name="fetchFromProxyRegions" classname="ClientCacheTest" time="0.0">
    <skipped/>
  </testcase>
  <system-out><![CDATA[]]></system-out>
  <system-err><![CDATA[]]></system-err>
</testsuite>
